<?xml version="1.0" encoding="UTF-8"?>
<testng-results ignored="0" total="1" passed="1" failed="0" skipped="0">
  <reporter-output>
  </reporter-output>
  <suite started-at="2023-01-20T12:56:09 IST" name="Default suite" finished-at="2023-01-20T12:56:12 IST" duration-ms="3452">
    <groups>
    </groups>
    <test started-at="2023-01-20T12:56:09 IST" name="Default test" finished-at="2023-01-20T12:56:12 IST" duration-ms="3452">
      <class name="test.RestAssuredApiTest">
        <test-method signature="getUsers()[pri:0, instance:test.RestAssuredApiTest@32ee6fee]" started-at="2023-01-20T12:56:09 IST" name="getUsers" finished-at="2023-01-20T12:56:12 IST" duration-ms="3384" status="PASS">
          <reporter-output>
          </reporter-output>
        </test-method> <!-- getUsers -->
      </class> <!-- test.RestAssuredApiTest -->
    </test> <!-- Default test -->
  </suite> <!-- Default suite -->
</testng-results>
